<?xml version="1.0" encoding="UTF-8"?>
<testsuite name="fizzbuzztest.FizzBuzzTest" tests="1" skipped="0" failures="0" errors="0" timestamp="2019-02-17T23:19:17" hostname="Prognosticator" time="0.019">
  <properties/>
  <testcase name="testAdvancedFunctionalityWithZeroToken" classname="fizzbuzztest.FizzBuzzTest" time="0.019"/>
  <system-out><![CDATA[]]></system-out>
  <system-err><![CDATA[]]></system-err>
</testsuite>
